16:43:05: Creating resource group General
16:43:05: Creating resource group Internal
16:43:05: Creating resource group Autodetect
16:43:05: Registering ResourceManager for type Mesh
16:43:05: Registering ResourceManager for type Material
16:43:05: Registering ResourceManager for type Skeleton
16:43:05: XMLMeshSerializer reading mesh data from C:\Users\Jon\Desktop\Cedarville Stuff\Graphics\Cedarkart\graphics\TermProject\TermProject\assets\Models\people\jacket\jacket.mesh.xml...
16:43:06: Reading geometry...
16:43:07: Geometry done...
16:43:07: Reading submeshes...
16:43:07: Submeshes done.
16:43:07: XMLMeshSerializer import successful.
16:43:07: Reorganising vertex buffers to automatic layout..
16:43:07: MeshSerializer writing mesh data to C:\Users\Jon\Desktop\Cedarville Stuff\Graphics\Cedarkart\graphics\TermProject\TermProject\assets\Models\people\jacket\jacket.mesh...
16:43:07: File header written.
16:43:07: Writing mesh data...
16:43:07: Writing submesh...
16:43:07: Exporting submesh texture aliases...
16:43:07: Submesh texture aliases exported.
16:43:07: Submesh exported.
16:43:07: Writing submesh...
16:43:07: Exporting submesh texture aliases...
16:43:07: Submesh texture aliases exported.
16:43:07: Submesh exported.
16:43:07: Writing submesh...
16:43:07: Exporting submesh texture aliases...
16:43:07: Submesh texture aliases exported.
16:43:07: Submesh exported.
16:43:07: Writing submesh...
16:43:07: Exporting submesh texture aliases...
16:43:07: Submesh texture aliases exported.
16:43:07: Submesh exported.
16:43:07: Writing submesh...
16:43:07: Exporting submesh texture aliases...
16:43:07: Submesh texture aliases exported.
16:43:07: Submesh exported.
16:43:07: Writing submesh...
16:43:07: Exporting submesh texture aliases...
16:43:07: Submesh texture aliases exported.
16:43:07: Submesh exported.
16:43:07: Exporting bounds information....
16:43:07: Bounds information exported.
16:43:07: Exporting submesh name table...
16:43:07: Submesh name table exported.
16:43:07: Exporting edge lists...
16:43:07: Edge lists exported
16:43:07: Mesh data exported.
16:43:07: MeshSerializer export successful.
16:43:07: Unregistering ResourceManager for type Skeleton
16:43:07: Unregistering ResourceManager for type Material
16:43:07: Unregistering ResourceManager for type Mesh
