16:43:35: Creating resource group General
16:43:35: Creating resource group Internal
16:43:35: Creating resource group Autodetect
16:43:35: Registering ResourceManager for type Mesh
16:43:35: Registering ResourceManager for type Material
16:43:35: Registering ResourceManager for type Skeleton
16:43:35: XMLMeshSerializer reading mesh data from C:\Users\Jon\Desktop\Cedarville Stuff\Graphics\Cedarkart\graphics\TermProject\TermProject\assets\Models\objects\tower\tower.mesh.xml...
16:43:35: Reading geometry...
16:43:36: Geometry done...
16:43:36: Reading submeshes...
16:43:36: Submeshes done.
16:43:36: Reading mesh names...
16:43:36: Mesh names done.
16:43:36: XMLMeshSerializer import successful.
16:43:36: Reorganising vertex buffers to automatic layout..
16:43:36: MeshSerializer writing mesh data to C:\Users\Jon\Desktop\Cedarville Stuff\Graphics\Cedarkart\graphics\TermProject\TermProject\assets\Models\objects\tower\tower.mesh...
16:43:36: File header written.
16:43:36: Writing mesh data...
16:43:36: Writing submesh...
16:43:36: Exporting submesh texture aliases...
16:43:36: Submesh texture aliases exported.
16:43:36: Submesh exported.
16:43:36: Writing submesh...
16:43:36: Exporting submesh texture aliases...
16:43:36: Submesh texture aliases exported.
16:43:36: Submesh exported.
16:43:36: Writing submesh...
16:43:36: Exporting submesh texture aliases...
16:43:36: Submesh texture aliases exported.
16:43:36: Submesh exported.
16:43:36: Writing submesh...
16:43:36: Exporting submesh texture aliases...
16:43:36: Submesh texture aliases exported.
16:43:36: Submesh exported.
16:43:36: Writing submesh...
16:43:36: Exporting submesh texture aliases...
16:43:36: Submesh texture aliases exported.
16:43:36: Submesh exported.
16:43:36: Writing submesh...
16:43:36: Exporting submesh texture aliases...
16:43:36: Submesh texture aliases exported.
16:43:36: Submesh exported.
16:43:36: Writing submesh...
16:43:36: Exporting submesh texture aliases...
16:43:36: Submesh texture aliases exported.
16:43:36: Submesh exported.
16:43:36: Writing submesh...
16:43:36: Exporting submesh texture aliases...
16:43:36: Submesh texture aliases exported.
16:43:36: Submesh exported.
16:43:36: Writing submesh...
16:43:36: Exporting submesh texture aliases...
16:43:36: Submesh texture aliases exported.
16:43:36: Submesh exported.
16:43:36: Writing submesh...
16:43:36: Exporting submesh texture aliases...
16:43:36: Submesh texture aliases exported.
16:43:36: Submesh exported.
16:43:36: Exporting bounds information....
16:43:36: Bounds information exported.
16:43:36: Exporting submesh name table...
16:43:36: Submesh name table exported.
16:43:36: Exporting edge lists...
16:43:36: Edge lists exported
16:43:36: Mesh data exported.
16:43:36: MeshSerializer export successful.
16:43:36: Unregistering ResourceManager for type Skeleton
16:43:36: Unregistering ResourceManager for type Material
16:43:36: Unregistering ResourceManager for type Mesh
